<?xml version="1.0" encoding="UTF-8"?>
<!-- Generated by org.testng.reporters.JUnitXMLReporter -->
<testsuite hostname="HungerBoxs-Air" ignored="0" name="Validation" tests="1" failures="1" timestamp="2020-08-21T20:49:37 IST" time="72.961" errors="0">
  <testcase name="validateText" time="0.42" classname="tests.assertValidation">
    <failure type="java.lang.AssertionError" message="expected [FEATURED COURSESQW] but found [FEATURED COURSES]">
      <![CDATA[java.lang.AssertionError: expected [FEATURED COURSESQW] but found [FEATURED COURSES]
at tests.assertValidation.validateText(assertValidation.java:45)
at java.util.ArrayList.forEach(ArrayList.java:1257)
at java.util.concurrent.FutureTask.run(FutureTask.java:266)
at java.util.concurrent.ThreadPoolExecutor.runWorker(ThreadPoolExecutor.java:1149)
at java.util.concurrent.ThreadPoolExecutor$Worker.run(ThreadPoolExecutor.java:624)
at java.lang.Thread.run(Thread.java:748)
... Removed 23 stack frames]]>
    </failure>
  </testcase> <!-- validateText -->
</testsuite> <!-- Validation -->
