<?xml version="1.0" encoding="UTF-8"?>
<testsuite xmlns:xsi="http://www.w3.org/2001/XMLSchema-instance" xsi:noNamespaceSchemaLocation="https://maven.apache.org/surefire/maven-surefire-plugin/xsd/surefire-test-report-3.0.xsd" version="3.0" name="TestSuite" time="8.072" tests="7" errors="0" skipped="5" failures="2">
  <properties>
[...]
</properties>
  <testcase name="preRun" classname="tests.Login" time="7.277">
    <failure message="Cannot find firefox binary in PATH. Make sure firefox is installed. OS appears to be: MAC&#10;Build info: version: &apos;3.141.59&apos;, revision: &apos;e82be7d358&apos;, time: &apos;2018-11-14T08:17:03&apos;&#10;System info: host: &apos;HungerBoxs-Air&apos;, ip: &apos;2409:4071:211a:3dd1:2c37:86b0:e605:17c4%en0&apos;, os.name: &apos;Mac OS X&apos;, os.arch: &apos;x86_64&apos;, os.version: &apos;10.15&apos;, java.version: &apos;14.0.1&apos;&#10;Driver info: driver.version: FirefoxDriver" type="org.openqa.selenium.WebDriverException"><![CDATA[org.openqa.selenium.WebDriverException: 
Cannot find firefox binary in PATH. Make sure firefox is installed. OS appears to be: MAC
Build info: version: '3.141.59', revision: 'e82be7d358', time: '2018-11-14T08:17:03'
System info: host: 'HungerBoxs-Air', ip: '2409:4071:211a:3dd1:2c37:86b0:e605:17c4%en0', os.name: 'Mac OS X', os.arch: 'x86_64', os.version: '10.15', java.version: '14.0.1'
Driver info: driver.version: FirefoxDriver
	at tests.Login.preRun(Login.java:26)
]]></failure>
    <system-out><![CDATA[[TestNGContentHandler] [WARN] It is strongly recommended to add "<!DOCTYPE suite SYSTEM "http://testng.org/testng-1.0.dtd" >" at the top of your file, otherwise TestNG may fail or not work as expected.
2020-08-24 17:01:43,542 main DEBUG Apache Log4j Core 2.11.2 initializing configuration XmlConfiguration[location=/Users/hungerbox/eclipse-workspace/log4jRupes/target/classes/log4j2.xml]
2020-08-24 17:01:43,560 main DEBUG Installed 2 script engines
2020-08-24 17:01:43,631 main DEBUG BeanShell Engine version: 1.0, language: BeanShell, threading: MULTITHREADED, compile: true, names: [beanshell, bsh, java], factory class: bsh.engine.BshScriptEngineFactory
2020-08-24 17:01:43,997 main DEBUG Oracle Nashorn version: 14.0.1, language: ECMAScript, threading: Not Thread Safe, compile: true, names: [nashorn, Nashorn, js, JS, JavaScript, javascript, ECMAScript, ecmascript], factory class: jdk.nashorn.api.scripting.NashornScriptEngineFactory
2020-08-24 17:01:43,998 main DEBUG PluginManager 'Core' found 117 plugins
2020-08-24 17:01:43,999 main DEBUG PluginManager 'Level' found 0 plugins
2020-08-24 17:01:44,006 main DEBUG PluginManager 'Lookup' found 13 plugins
2020-08-24 17:01:44,009 main DEBUG Building Plugin[name=layout, class=org.apache.logging.log4j.core.layout.PatternLayout].
2020-08-24 17:01:44,025 main DEBUG PluginManager 'TypeConverter' found 26 plugins
2020-08-24 17:01:44,037 main DEBUG PatternLayout$Builder(pattern="%d{HH:mm:ss.SSS} [%t] %-5level %logger{36} - %msg%n", PatternSelector=null, Configuration(/Users/hungerbox/eclipse-workspace/log4jRupes/target/classes/log4j2.xml), Replace=null, charset="null", alwaysWriteExceptions="null", disableAnsi="null", noConsoleNoAnsi="null", header="null", footer="null")
2020-08-24 17:01:44,038 main DEBUG PluginManager 'Converter' found 44 plugins
2020-08-24 17:01:44,041 main DEBUG Building Plugin[name=appender, class=org.apache.logging.log4j.core.appender.ConsoleAppender].
2020-08-24 17:01:44,053 main DEBUG ConsoleAppender$Builder(target="SYSTEM_OUT", follow="null", direct="null", bufferedIo="null", bufferSize="null", immediateFlush="null", ignoreExceptions="null", PatternLayout(%d{HH:mm:ss.SSS} [%t] %-5level %logger{36} - %msg%n), name="LogToConsole", Configuration(/Users/hungerbox/eclipse-workspace/log4jRupes/target/classes/log4j2.xml), Filter=null, ={})
2020-08-24 17:01:44,056 main DEBUG Starting OutputStreamManager SYSTEM_OUT.false.false
2020-08-24 17:01:44,057 main DEBUG Building Plugin[name=layout, class=org.apache.logging.log4j.core.layout.PatternLayout].
2020-08-24 17:01:44,061 main DEBUG PatternLayout$Builder(pattern="%d %p %c{1.} [%t] %m%n", PatternSelector=null, Configuration(/Users/hungerbox/eclipse-workspace/log4jRupes/target/classes/log4j2.xml), Replace=null, charset="null", alwaysWriteExceptions="null", disableAnsi="null", noConsoleNoAnsi="null", header="null", footer="null")
2020-08-24 17:01:44,079 main DEBUG Building Plugin[name=TimeBasedTriggeringPolicy, class=org.apache.logging.log4j.core.appender.rolling.TimeBasedTriggeringPolicy].
2020-08-24 17:01:44,086 main DEBUG TimeBasedTriggeringPolicy$Builder(interval="null", modulate="null", maxRandomDelay="null")
2020-08-24 17:01:44,086 main DEBUG Building Plugin[name=SizeBasedTriggeringPolicy, class=org.apache.logging.log4j.core.appender.rolling.SizeBasedTriggeringPolicy].
2020-08-24 17:01:44,096 main DEBUG createPolicy(size="1 MB")
2020-08-24 17:01:44,098 main DEBUG Building Plugin[name=Policies, class=org.apache.logging.log4j.core.appender.rolling.CompositeTriggeringPolicy].
2020-08-24 17:01:44,099 main DEBUG createPolicy(={TimeBasedTriggeringPolicy(nextRolloverMillis=0, interval=1, modulate=false), SizeBasedTriggeringPolicy(size=1048576)})
2020-08-24 17:01:44,100 main DEBUG Building Plugin[name=DefaultRolloverStrategy, class=org.apache.logging.log4j.core.appender.rolling.DefaultRolloverStrategy].
2020-08-24 17:01:44,104 main DEBUG DefaultRolloverStrategy$Builder(max="10", min="null", fileIndex="null", compressionLevel="null", ={}, stopCustomActionsOnError="null", tempCompressedFilePattern="null", Configuration(/Users/hungerbox/eclipse-workspace/log4jRupes/target/classes/log4j2.xml))
2020-08-24 17:01:44,105 main DEBUG Building Plugin[name=appender, class=org.apache.logging.log4j.core.appender.RollingRandomAccessFileAppender].
2020-08-24 17:01:44,111 main DEBUG RollingRandomAccessFileAppender$Builder(fileName="logs/app.log", filePattern="logs/${date:yyyy-MM}/app-%d{MM-dd-yyyy}-%i.log.gz", append="null", Policies(CompositeTriggeringPolicy(policies=[TimeBasedTriggeringPolicy(nextRolloverMillis=0, interval=1, modulate=false), SizeBasedTriggeringPolicy(size=1048576)])), DefaultRolloverStrategy(DefaultRolloverStrategy(min=1, max=10, useMax=true)), advertise="null", advertiseURI="null", filePermissions="null", fileOwner="null", fileGroup="null", bufferedIo="null", bufferSize="null", immediateFlush="null", ignoreExceptions="null", PatternLayout(%d %p %c{1.} [%t] %m%n), name="LogToRollingRandomAccessFile", Configuration(/Users/hungerbox/eclipse-workspace/log4jRupes/target/classes/log4j2.xml), Filter=null, ={})
2020-08-24 17:01:44,120 main DEBUG Starting RollingRandomAccessFileManager logs/app.log
2020-08-24 17:01:44,123 main DEBUG PluginManager 'FileConverter' found 2 plugins
2020-08-24 17:01:44,125 main DEBUG Setting prev file time to 2020-08-24T16:59:59.934+0530
2020-08-24 17:01:44,127 main DEBUG Initializing triggering policy CompositeTriggeringPolicy(policies=[TimeBasedTriggeringPolicy(nextRolloverMillis=0, interval=1, modulate=false), SizeBasedTriggeringPolicy(size=1048576)])
2020-08-24 17:01:44,127 main DEBUG Initializing triggering policy TimeBasedTriggeringPolicy(nextRolloverMillis=0, interval=1, modulate=false)
2020-08-24 17:01:44,128 main DEBUG Initializing triggering policy SizeBasedTriggeringPolicy(size=1048576)
2020-08-24 17:01:44,129 main DEBUG Building Plugin[name=appenders, class=org.apache.logging.log4j.core.config.AppendersPlugin].
2020-08-24 17:01:44,130 main DEBUG createAppenders(={LogToConsole, LogToRollingRandomAccessFile})
2020-08-24 17:01:44,130 main DEBUG Building Plugin[name=AppenderRef, class=org.apache.logging.log4j.core.config.AppenderRef].
2020-08-24 17:01:44,132 main DEBUG createAppenderRef(ref="LogToRollingRandomAccessFile", level="null", Filter=null)
2020-08-24 17:01:44,132 main DEBUG Building Plugin[name=root, class=org.apache.logging.log4j.core.config.LoggerConfig$RootLogger].
2020-08-24 17:01:44,133 main DEBUG createLogger(additivity="null", level="TRACE", includeLocation="null", ={LogToRollingRandomAccessFile}, ={}, Configuration(/Users/hungerbox/eclipse-workspace/log4jRupes/target/classes/log4j2.xml), Filter=null)
2020-08-24 17:01:44,135 main DEBUG Building Plugin[name=loggers, class=org.apache.logging.log4j.core.config.LoggersPlugin].
2020-08-24 17:01:44,137 main DEBUG createLoggers(={root})
2020-08-24 17:01:44,138 main DEBUG Configuration XmlConfiguration[location=/Users/hungerbox/eclipse-workspace/log4jRupes/target/classes/log4j2.xml] initialized
2020-08-24 17:01:44,139 main DEBUG Starting configuration XmlConfiguration[location=/Users/hungerbox/eclipse-workspace/log4jRupes/target/classes/log4j2.xml]
2020-08-24 17:01:44,139 main DEBUG Started configuration XmlConfiguration[location=/Users/hungerbox/eclipse-workspace/log4jRupes/target/classes/log4j2.xml] OK.
2020-08-24 17:01:44,140 main DEBUG Shutting down OutputStreamManager SYSTEM_OUT.false.false-1
2020-08-24 17:01:44,141 main DEBUG Shut down OutputStreamManager SYSTEM_OUT.false.false-1, all resources released: true
2020-08-24 17:01:44,141 main DEBUG Appender DefaultConsole-1 stopped with status true
2020-08-24 17:01:44,142 main DEBUG Stopped org.apache.logging.log4j.core.config.DefaultConfiguration@3568f9d2 OK
2020-08-24 17:01:44,226 main DEBUG Registering MBean org.apache.logging.log4j2:type=55054057
2020-08-24 17:01:44,233 main DEBUG Registering MBean org.apache.logging.log4j2:type=55054057,component=StatusLogger
2020-08-24 17:01:44,237 main DEBUG Registering MBean org.apache.logging.log4j2:type=55054057,component=ContextSelector
2020-08-24 17:01:44,249 main DEBUG Registering MBean org.apache.logging.log4j2:type=55054057,component=Loggers,name=
2020-08-24 17:01:44,253 main DEBUG Registering MBean org.apache.logging.log4j2:type=55054057,component=Appenders,name=LogToRollingRandomAccessFile
2020-08-24 17:01:44,254 main DEBUG Registering MBean org.apache.logging.log4j2:type=55054057,component=Appenders,name=LogToConsole
2020-08-24 17:01:44,259 main DEBUG org.apache.logging.log4j.core.util.SystemClock supports precise timestamps.
2020-08-24 17:01:44,260 main DEBUG Reconfiguration complete for context[name=55054057] at URI /Users/hungerbox/eclipse-workspace/log4jRupes/target/classes/log4j2.xml (org.apache.logging.log4j.core.LoggerContext@553f3b6e) with optional ClassLoader: null
2020-08-24 17:01:44,260 main DEBUG Shutdown hook enabled. Registering a new one.
2020-08-24 17:01:44,262 main DEBUG LoggerContext[name=55054057, org.apache.logging.log4j.core.LoggerContext@553f3b6e] started OK.
]]></system-out>
    <system-err><![CDATA[Warning: Nashorn engine is planned to be removed from a future JDK release
]]></system-err>
  </testcase>
  <testcase name="loginCase" classname="tests.Login" time="0">
    <skipped message="Cannot find firefox binary in PATH. Make sure firefox is installed. OS appears to be: MAC&#10;Build info: version: &apos;3.141.59&apos;, revision: &apos;e82be7d358&apos;, time: &apos;2018-11-14T08:17:03&apos;&#10;System info: host: &apos;HungerBoxs-Air&apos;, ip: &apos;2409:4071:211a:3dd1:2c37:86b0:e605:17c4%en0&apos;, os.name: &apos;Mac OS X&apos;, os.arch: &apos;x86_64&apos;, os.version: &apos;10.15&apos;, java.version: &apos;14.0.1&apos;&#10;Driver info: driver.version: FirefoxDriver"/>
  </testcase>
  <testcase name="loginCase" classname="tests.Login" time="0">
    <skipped message="Cannot find firefox binary in PATH. Make sure firefox is installed. OS appears to be: MAC&#10;Build info: version: &apos;3.141.59&apos;, revision: &apos;e82be7d358&apos;, time: &apos;2018-11-14T08:17:03&apos;&#10;System info: host: &apos;HungerBoxs-Air&apos;, ip: &apos;2409:4071:211a:3dd1:2c37:86b0:e605:17c4%en0&apos;, os.name: &apos;Mac OS X&apos;, os.arch: &apos;x86_64&apos;, os.version: &apos;10.15&apos;, java.version: &apos;14.0.1&apos;&#10;Driver info: driver.version: FirefoxDriver"/>
  </testcase>
  <testcase name="tearDown" classname="tests.Login" time="0">
    <skipped/>
  </testcase>
  <testcase name="preRun" classname="tests.assertValidation" time="7.925">
    <failure message="Cannot find firefox binary in PATH. Make sure firefox is installed. OS appears to be: MAC&#10;Build info: version: &apos;3.141.59&apos;, revision: &apos;e82be7d358&apos;, time: &apos;2018-11-14T08:17:03&apos;&#10;System info: host: &apos;HungerBoxs-Air&apos;, ip: &apos;2409:4071:211a:3dd1:2c37:86b0:e605:17c4%en0&apos;, os.name: &apos;Mac OS X&apos;, os.arch: &apos;x86_64&apos;, os.version: &apos;10.15&apos;, java.version: &apos;14.0.1&apos;&#10;Driver info: driver.version: FirefoxDriver" type="org.openqa.selenium.WebDriverException"><![CDATA[org.openqa.selenium.WebDriverException: 
Cannot find firefox binary in PATH. Make sure firefox is installed. OS appears to be: MAC
Build info: version: '3.141.59', revision: 'e82be7d358', time: '2018-11-14T08:17:03'
System info: host: 'HungerBoxs-Air', ip: '2409:4071:211a:3dd1:2c37:86b0:e605:17c4%en0', os.name: 'Mac OS X', os.arch: 'x86_64', os.version: '10.15', java.version: '14.0.1'
Driver info: driver.version: FirefoxDriver
	at tests.assertValidation.preRun(assertValidation.java:26)
]]></failure>
  </testcase>
  <testcase name="validateText" classname="tests.assertValidation" time="0">
    <skipped message="Cannot find firefox binary in PATH. Make sure firefox is installed. OS appears to be: MAC&#10;Build info: version: &apos;3.141.59&apos;, revision: &apos;e82be7d358&apos;, time: &apos;2018-11-14T08:17:03&apos;&#10;System info: host: &apos;HungerBoxs-Air&apos;, ip: &apos;2409:4071:211a:3dd1:2c37:86b0:e605:17c4%en0&apos;, os.name: &apos;Mac OS X&apos;, os.arch: &apos;x86_64&apos;, os.version: &apos;10.15&apos;, java.version: &apos;14.0.1&apos;&#10;Driver info: driver.version: FirefoxDriver"/>
  </testcase>
  <testcase name="tearDown" classname="tests.assertValidation" time="0">
    <skipped/>
  </testcase>
</testsuite>