<?xml version="1.0" encoding="UTF-8"?>
<testng-results skipped="0" failed="1" ignored="0" total="3" passed="2">
  <reporter-output>
  </reporter-output>
  <suite name="Login" duration-ms="78940" started-at="2020-08-21T20:48:23 IST" finished-at="2020-08-21T20:49:42 IST">
    <groups>
    </groups>
    <test name="Validation" duration-ms="72961" started-at="2020-08-21T20:48:23 IST" finished-at="2020-08-21T20:49:36 IST">
      <class name="tests.assertValidation">
        <test-method status="PASS" signature="preRun()[pri:0, instance:tests.assertValidation@16ce702d]" name="preRun" is-config="true" duration-ms="61030" started-at="2020-08-21T20:48:23 IST" finished-at="2020-08-21T20:49:24 IST">
          <reporter-output>
          </reporter-output>
        </test-method> <!-- preRun -->
        <test-method status="FAIL" signature="validateText()[pri:0, instance:tests.assertValidation@16ce702d]" name="validateText" duration-ms="420" started-at="2020-08-21T20:49:24 IST" finished-at="2020-08-21T20:49:25 IST">
          <exception class="java.lang.AssertionError">
            <message>
              <![CDATA[expected [FEATURED COURSESQW] but found [FEATURED COURSES]]]>
            </message>
            <full-stacktrace>
              <![CDATA[java.lang.AssertionError: expected [FEATURED COURSESQW] but found [FEATURED COURSES]
at org.testng.Assert.fail(Assert.java:97)
at org.testng.Assert.assertEqualsImpl(Assert.java:136)
at org.testng.Assert.assertEquals(Assert.java:118)
at org.testng.Assert.assertEquals(Assert.java:575)
at org.testng.Assert.assertEquals(Assert.java:585)
at tests.assertValidation.validateText(assertValidation.java:45)
at sun.reflect.NativeMethodAccessorImpl.invoke0(Native Method)
at sun.reflect.NativeMethodAccessorImpl.invoke(NativeMethodAccessorImpl.java:62)
at sun.reflect.DelegatingMethodAccessorImpl.invoke(DelegatingMethodAccessorImpl.java:43)
at java.lang.reflect.Method.invoke(Method.java:498)
at org.testng.internal.MethodInvocationHelper.invokeMethod(MethodInvocationHelper.java:135)
at org.testng.internal.TestInvoker.invokeMethod(TestInvoker.java:598)
at org.testng.internal.TestInvoker.invokeTestMethod(TestInvoker.java:174)
at org.testng.internal.MethodRunner.runInSequence(MethodRunner.java:46)
at org.testng.internal.TestInvoker$MethodInvocationAgent.invoke(TestInvoker.java:821)
at org.testng.internal.TestInvoker.invokeTestMethods(TestInvoker.java:147)
at org.testng.internal.TestMethodWorker.invokeTestMethods(TestMethodWorker.java:146)
at org.testng.internal.TestMethodWorker.run(TestMethodWorker.java:128)
at java.util.ArrayList.forEach(ArrayList.java:1257)
at org.testng.TestRunner.privateRun(TestRunner.java:767)
at org.testng.TestRunner.run(TestRunner.java:588)
at org.testng.SuiteRunner.runTest(SuiteRunner.java:384)
at org.testng.SuiteRunner.access$000(SuiteRunner.java:28)
at org.testng.SuiteRunner$SuiteWorker.run(SuiteRunner.java:425)
at org.testng.internal.thread.ThreadUtil.lambda$execute$0(ThreadUtil.java:68)
at java.util.concurrent.FutureTask.run(FutureTask.java:266)
at java.util.concurrent.ThreadPoolExecutor.runWorker(ThreadPoolExecutor.java:1149)
at java.util.concurrent.ThreadPoolExecutor$Worker.run(ThreadPoolExecutor.java:624)
at java.lang.Thread.run(Thread.java:748)
]]>
            </full-stacktrace>
          </exception> <!-- java.lang.AssertionError -->
          <reporter-output>
          </reporter-output>
        </test-method> <!-- validateText -->
        <test-method status="PASS" signature="tearDown()[pri:0, instance:tests.assertValidation@16ce702d]" name="tearDown" is-config="true" duration-ms="9805" started-at="2020-08-21T20:49:27 IST" finished-at="2020-08-21T20:49:36 IST">
          <reporter-output>
          </reporter-output>
        </test-method> <!-- tearDown -->
      </class> <!-- tests.assertValidation -->
    </test> <!-- Validation -->
    <test name="Test" duration-ms="78940" started-at="2020-08-21T20:48:23 IST" finished-at="2020-08-21T20:49:42 IST">
      <class name="tests.Login">
        <test-method status="PASS" signature="preRun()[pri:0, instance:tests.Login@10cf09e8]" name="preRun" is-config="true" duration-ms="55400" started-at="2020-08-21T20:48:23 IST" finished-at="2020-08-21T20:49:19 IST">
          <reporter-output>
          </reporter-output>
        </test-method> <!-- preRun -->
        <test-method status="PASS" signature="loginCase(java.lang.String, java.lang.String)[pri:0, instance:tests.Login@10cf09e8]" name="loginCase" duration-ms="18647" started-at="2020-08-21T20:49:19 IST" data-provider="getData" finished-at="2020-08-21T20:49:38 IST">
          <params>
            <param index="0">
              <value>
                <![CDATA[rupesh@hungerbox.com]]>
              </value>
            </param>
            <param index="1">
              <value>
                <![CDATA[123]]>
              </value>
            </param>
          </params>
          <reporter-output>
          </reporter-output>
        </test-method> <!-- loginCase -->
        <test-method status="PASS" signature="loginCase(java.lang.String, java.lang.String)[pri:0, instance:tests.Login@10cf09e8]" name="loginCase" duration-ms="4414" started-at="2020-08-21T20:49:38 IST" data-provider="getData" finished-at="2020-08-21T20:49:42 IST">
          <params>
            <param index="0">
              <value>
                <![CDATA[rupesh1@hungerbox.com]]>
              </value>
            </param>
            <param index="1">
              <value>
                <![CDATA[123]]>
              </value>
            </param>
          </params>
          <reporter-output>
          </reporter-output>
        </test-method> <!-- loginCase -->
        <test-method status="PASS" signature="tearDown()[pri:0, instance:tests.Login@10cf09e8]" name="tearDown" is-config="true" duration-ms="291" started-at="2020-08-21T20:49:42 IST" finished-at="2020-08-21T20:49:42 IST">
          <reporter-output>
          </reporter-output>
        </test-method> <!-- tearDown -->
      </class> <!-- tests.Login -->
    </test> <!-- Test -->
  </suite> <!-- Login -->
</testng-results>
