<?xml version="1.0" encoding="UTF-8"?>
<!-- Generated by org.testng.reporters.JUnitXMLReporter -->
<testsuite ignored="0" hostname="HungerBoxs-Air" failures="0" tests="1" name="Validation" time="0.005" errors="0" timestamp="24 Aug 2020 11:31:45 GMT">
  <testcase classname="tests.assertValidation" name="@BeforeTest preRun" time="0.001">
    <failure type="org.openqa.selenium.WebDriverException" message="Cannot find firefox binary in PATH. Make sure firefox is installed. OS appears to be: MAC
Build info: version: &amp;apos;3.141.59&amp;apos;, revision: &amp;apos;e82be7d358&amp;apos;, time: &amp;apos;2018-11-14T08:17:03&amp;apos;
System info: host: &amp;apos;HungerBoxs-Air&amp;apos;, ip: &amp;apos;2409:4071:211a:3dd1:2c37:86b0:e605:17c4%en0&amp;apos;, os.name: &amp;apos;Mac OS X&amp;apos;, os.arch: &amp;apos;x86_64&amp;apos;, os.version: &amp;apos;10.15&amp;apos;, java.version: &amp;apos;14.0.1&amp;apos;
Driver info: driver.version: FirefoxDriver">
      <![CDATA[org.openqa.selenium.WebDriverException: Cannot find firefox binary in PATH. Make sure firefox is installed. OS appears to be: MAC
Build info: version: '3.141.59', revision: 'e82be7d358', time: '2018-11-14T08:17:03'
System info: host: 'HungerBoxs-Air', ip: '2409:4071:211a:3dd1:2c37:86b0:e605:17c4%en0', os.name: 'Mac OS X', os.arch: 'x86_64', os.version: '10.15', java.version: '14.0.1'
Driver info: driver.version: FirefoxDriver
at org.openqa.selenium.firefox.FirefoxBinary.<init>(FirefoxBinary.java:100)
at java.base/java.util.Optional.orElseGet(Optional.java:362)
at org.openqa.selenium.firefox.FirefoxOptions.getBinary(FirefoxOptions.java:216)
at org.openqa.selenium.firefox.FirefoxDriver.toExecutor(FirefoxDriver.java:187)
at org.openqa.selenium.firefox.FirefoxDriver.<init>(FirefoxDriver.java:147)
at org.openqa.selenium.firefox.FirefoxDriver.<init>(FirefoxDriver.java:125)
at tests.base.intialize(base.java:43)
at tests.assertValidation.preRun(assertValidation.java:26)
... Removed 28 stack frames]]>
    </failure>
  </testcase> <!-- @BeforeTest preRun -->
  <testcase classname="tests.assertValidation" name="@AfterTest tearDown" time="0.0">
    <skipped/>
  </testcase> <!-- @AfterTest tearDown -->
  <testcase classname="tests.assertValidation" name="validateText" time="0.0">
    <skipped/>
  </testcase> <!-- validateText -->
</testsuite> <!-- Validation -->
